<?xml version="1.0" encoding="utf-8"?>
<!DOCTYPE coverage SYSTEM "http://cobertura.sourceforge.net/xml/coverage-04.dtd">
<coverage line-rate="0.181003584229391" branch-rate="0.0784313725490196" lines-covered="101" lines-valid="558" branches-covered="4" branches-valid="51" complexity="147" version="0" timestamp="1723108706">
  <sources>
    <source>C:\Users\Aryan.Singh\</source>
  </sources>
  <packages>
    <package name="BankApplication.Business.UnitTest" line-rate="0.9" branch-rate="1" complexity="6">
      <classes>
        <class name="AutoGeneratedProgram" filename="C:\Users\Aryan.Singh\.nuget\packages\microsoft.net.test.sdk\17.8.0\build\netcoreapp3.1\Microsoft.NET.Test.Sdk.Program.cs" line-rate="0" branch-rate="1" complexity="1">
          <methods>
            <method name="Main" signature="(...)" line-rate="0" branch-rate="1" complexity="1">
              <lines>
                <line number="4" hits="0" branch="false" />
              </lines>
            </method>
          </methods>
          <lines>
            <line number="4" hits="0" branch="false" />
          </lines>
        </class>
        <class name="BankApplication.Business.UnitTest.AccountManagerTests" filename="C:\Users\Aryan.Singh\source\repos\ConsoleApp22\BankApplication.Business.UnitTest\AccountManagerTests.cs" line-rate="0.931034482758621" branch-rate="1" complexity="5">
          <methods>
            <method name="Setup" signature="()" line-rate="1" branch-rate="1" complexity="1">
              <lines>
                <line number="13" hits="2" branch="false" />
                <line number="15" hits="2" branch="false" />
                <line number="17" hits="2" branch="false" />
              </lines>
            </method>
            <method name="Cleanup" signature="()" line-rate="1" branch-rate="1" complexity="1">
              <lines>
                <line number="21" hits="2" branch="false" />
                <line number="22" hits="2" branch="false" />
                <line number="23" hits="2" branch="false" />
              </lines>
            </method>
            <method name="CreateAccount_WithValidInput_ShouldCreateSavingsAccount" signature="()" line-rate="0.928571428571429" branch-rate="1" complexity="1">
              <lines>
                <line number="27" hits="1" branch="false" />
                <line number="29" hits="1" branch="false" />
                <line number="30" hits="1" branch="false" />
                <line number="31" hits="1" branch="false" />
                <line number="32" hits="1" branch="false" />
                <line number="33" hits="1" branch="false" />
                <line number="38" hits="1" branch="false" />
                <line number="41" hits="1" branch="false" />
                <line number="42" hits="1" branch="false" />
                <line number="43" hits="1" branch="false" />
                <line number="44" hits="1" branch="false" />
                <line number="45" hits="1" branch="false" />
                <line number="46" hits="1" branch="false" />
                <line number="48" hits="0" branch="false" />
              </lines>
            </method>
            <method name="CreateAccount_ShouldThrowMinBalanceNeedsToBeMaintainedException" signature="()" line-rate="0.875" branch-rate="1" complexity="1">
              <lines>
                <line number="53" hits="1" branch="false" />
                <line number="55" hits="1" branch="false" />
                <line number="56" hits="1" branch="false" />
                <line number="57" hits="1" branch="false" />
                <line number="58" hits="1" branch="false" />
                <line number="59" hits="1" branch="false" />
                <line number="62" hits="1" branch="false" />
                <line number="63" hits="0" branch="false" />
              </lines>
            </method>
            <method name=".ctor" signature="()" line-rate="1" branch-rate="1" complexity="1">
              <lines>
                <line number="8" hits="2" branch="false" />
              </lines>
            </method>
          </methods>
          <lines>
            <line number="8" hits="2" branch="false" />
            <line number="13" hits="2" branch="false" />
            <line number="15" hits="2" branch="false" />
            <line number="17" hits="2" branch="false" />
            <line number="21" hits="2" branch="false" />
            <line number="22" hits="2" branch="false" />
            <line number="23" hits="2" branch="false" />
            <line number="27" hits="1" branch="false" />
            <line number="29" hits="1" branch="false" />
            <line number="30" hits="1" branch="false" />
            <line number="31" hits="1" branch="false" />
            <line number="32" hits="1" branch="false" />
            <line number="33" hits="1" branch="false" />
            <line number="38" hits="1" branch="false" />
            <line number="41" hits="1" branch="false" />
            <line number="42" hits="1" branch="false" />
            <line number="43" hits="1" branch="false" />
            <line number="44" hits="1" branch="false" />
            <line number="45" hits="1" branch="false" />
            <line number="46" hits="1" branch="false" />
            <line number="48" hits="0" branch="false" />
            <line number="53" hits="1" branch="false" />
            <line number="55" hits="1" branch="false" />
            <line number="56" hits="1" branch="false" />
            <line number="57" hits="1" branch="false" />
            <line number="58" hits="1" branch="false" />
            <line number="59" hits="1" branch="false" />
            <line number="62" hits="1" branch="false" />
            <line number="63" hits="0" branch="false" />
          </lines>
        </class>
      </classes>
    </package>
    <package name="ConsoleApp22" line-rate="0.140151515151515" branch-rate="0.0784313725490196" complexity="141">
      <classes>
        <class name="ConsoleApp22.Account" filename="C:\Users\Aryan.Singh\source\repos\ConsoleApp22\ConsoleApp22\Account.cs" line-rate="1" branch-rate="1" complexity="8">
          <methods>
            <method name="get_AccNo" signature="()" line-rate="1" branch-rate="1" complexity="1">
              <lines>
                <line number="28" hits="3" branch="false" />
              </lines>
            </method>
            <method name="get_Name" signature="()" line-rate="1" branch-rate="1" complexity="1">
              <lines>
                <line number="29" hits="3" branch="false" />
              </lines>
            </method>
            <method name="get_Pin" signature="()" line-rate="1" branch-rate="1" complexity="1">
              <lines>
                <line number="30" hits="3" branch="false" />
              </lines>
            </method>
            <method name="get_IsActive" signature="()" line-rate="1" branch-rate="1" complexity="1">
              <lines>
                <line number="31" hits="3" branch="false" />
              </lines>
            </method>
            <method name="get_DateOfOpening" signature="()" line-rate="1" branch-rate="1" complexity="1">
              <lines>
                <line number="32" hits="2" branch="false" />
              </lines>
            </method>
            <method name="get_Balance" signature="()" line-rate="1" branch-rate="1" complexity="1">
              <lines>
                <line number="33" hits="3" branch="false" />
              </lines>
            </method>
            <method name="get_PrivilegeType" signature="()" line-rate="1" branch-rate="1" complexity="1">
              <lines>
                <line number="34" hits="3" branch="false" />
              </lines>
            </method>
            <method name="get_Policy" signature="()" line-rate="1" branch-rate="1" complexity="1">
              <lines>
                <line number="35" hits="2" branch="false" />
              </lines>
            </method>
          </methods>
          <lines>
            <line number="28" hits="3" branch="false" />
            <line number="29" hits="3" branch="false" />
            <line number="30" hits="3" branch="false" />
            <line number="31" hits="3" branch="false" />
            <line number="32" hits="2" branch="false" />
            <line number="33" hits="3" branch="false" />
            <line number="34" hits="3" branch="false" />
            <line number="35" hits="2" branch="false" />
          </lines>
        </class>
        <class name="ConsoleApp22.AccountDoesNotExistException" filename="C:\Users\Aryan.Singh\source\repos\ConsoleApp22\ConsoleApp22\AccountDoesNotExistException.cs" line-rate="0" branch-rate="1" complexity="3">
          <methods>
            <method name=".ctor" signature="()" line-rate="0" branch-rate="1" complexity="1">
              <lines>
                <line number="11" hits="0" branch="false" />
                <line number="12" hits="0" branch="false" />
                <line number="13" hits="0" branch="false" />
              </lines>
            </method>
            <method name=".ctor" signature="(...)" line-rate="0" branch-rate="1" complexity="1">
              <lines>
                <line number="15" hits="0" branch="false" />
                <line number="16" hits="0" branch="false" />
                <line number="17" hits="0" branch="false" />
              </lines>
            </method>
            <method name=".ctor" signature="(...)" line-rate="0" branch-rate="1" complexity="1">
              <lines>
                <line number="19" hits="0" branch="false" />
                <line number="20" hits="0" branch="false" />
                <line number="21" hits="0" branch="false" />
              </lines>
            </method>
          </methods>
          <lines>
            <line number="11" hits="0" branch="false" />
            <line number="12" hits="0" branch="false" />
            <line number="13" hits="0" branch="false" />
            <line number="15" hits="0" branch="false" />
            <line number="16" hits="0" branch="false" />
            <line number="17" hits="0" branch="false" />
            <line number="19" hits="0" branch="false" />
            <line number="20" hits="0" branch="false" />
            <line number="21" hits="0" branch="false" />
          </lines>
        </class>
        <class name="ConsoleApp22.AccountFactory" filename="C:\Users\Aryan.Singh\source\repos\ConsoleApp22\ConsoleApp22\AccountFactory.cs" line-rate="0.666666666666667" branch-rate="0.25" complexity="4">
          <methods>
            <method name="CreateAccount" signature="(...)" line-rate="0.666666666666667" branch-rate="0.25" complexity="4">
              <lines>
                <line number="13" hits="2" branch="false" />
                <line number="14" hits="2" branch="true" condition-coverage="25% (1/4)" />
                <line number="17" hits="2" branch="false" />
                <line number="19" hits="0" branch="false" />
                <line number="21" hits="0" branch="false" />
                <line number="25" hits="2" branch="false" />
              </lines>
            </method>
          </methods>
          <lines>
            <line number="13" hits="2" branch="false" />
            <line number="14" hits="2" branch="true" condition-coverage="25% (1/4)" />
            <line number="17" hits="2" branch="false" />
            <line number="19" hits="0" branch="false" />
            <line number="21" hits="0" branch="false" />
            <line number="25" hits="2" branch="false" />
          </lines>
        </class>
        <class name="ConsoleApp22.AccountManager" filename="C:\Users\Aryan.Singh\source\repos\ConsoleApp22\ConsoleApp22\AccountManager.cs" line-rate="0.117647058823529" branch-rate="0.0909090909090909" complexity="23">
          <methods>
            <method name="CreateAccount" signature="(...)" line-rate="1" branch-rate="1" complexity="2">
              <lines>
                <line number="15" hits="2" branch="false" />
                <line number="17" hits="2" branch="false" />
                <line number="19" hits="2" branch="false" />
                <line number="20" hits="2" branch="false" />
                <line number="22" hits="2" branch="true" condition-coverage="100% (2/2)" />
                <line number="23" hits="1" branch="false" />
                <line number="24" hits="1" branch="false" />
                <line number="27" hits="1" branch="false" />
                <line number="28" hits="1" branch="false" />
                <line number="29" hits="1" branch="false" />
              </lines>
            </method>
            <method name="Withdraw" signature="(...)" line-rate="0" branch-rate="0" complexity="2">
              <lines>
                <line number="32" hits="0" branch="false" />
                <line number="33" hits="0" branch="false" />
                <line number="35" hits="0" branch="true" condition-coverage="0% (0/2)" />
                <line number="36" hits="0" branch="false" />
                <line number="37" hits="0" branch="false" />
                <line number="40" hits="0" branch="false" />
                <line number="41" hits="0" branch="false" />
                <line number="42" hits="0" branch="false" />
                <line number="44" hits="0" branch="false" />
                <line number="45" hits="0" branch="false" />
              </lines>
            </method>
            <method name="Deposit" signature="(...)" line-rate="0" branch-rate="1" complexity="1">
              <lines>
                <line number="48" hits="0" branch="false" />
                <line number="49" hits="0" branch="false" />
                <line number="50" hits="0" branch="false" />
                <line number="51" hits="0" branch="false" />
                <line number="52" hits="0" branch="false" />
                <line number="54" hits="0" branch="false" />
                <line number="55" hits="0" branch="false" />
              </lines>
            </method>
            <method name="TransferFunds" signature="(...)" line-rate="0" branch-rate="0" complexity="4">
              <lines>
                <line number="58" hits="0" branch="false" />
                <line number="59" hits="0" branch="false" />
                <line number="61" hits="0" branch="true" condition-coverage="0% (0/2)" />
                <line number="62" hits="0" branch="false" />
                <line number="63" hits="0" branch="false" />
                <line number="66" hits="0" branch="false" />
                <line number="67" hits="0" branch="false" />
                <line number="69" hits="0" branch="true" condition-coverage="0% (0/2)" />
                <line number="70" hits="0" branch="false" />
                <line number="71" hits="0" branch="false" />
                <line number="74" hits="0" branch="false" />
                <line number="75" hits="0" branch="false" />
                <line number="77" hits="0" branch="false" />
                <line number="78" hits="0" branch="false" />
                <line number="79" hits="0" branch="false" />
                <line number="81" hits="0" branch="false" />
                <line number="82" hits="0" branch="false" />
              </lines>
            </method>
            <method name="ExternalTransferFunds" signature="(...)" line-rate="0" branch-rate="0" complexity="4">
              <lines>
                <line number="85" hits="0" branch="false" />
                <line number="86" hits="0" branch="false" />
                <line number="88" hits="0" branch="true" condition-coverage="0% (0/2)" />
                <line number="89" hits="0" branch="false" />
                <line number="90" hits="0" branch="false" />
                <line number="93" hits="0" branch="false" />
                <line number="94" hits="0" branch="false" />
                <line number="96" hits="0" branch="true" condition-coverage="0% (0/2)" />
                <line number="97" hits="0" branch="false" />
                <line number="98" hits="0" branch="false" />
                <line number="101" hits="0" branch="false" />
                <line number="107" hits="0" branch="false" />
                <line number="108" hits="0" branch="false" />
                <line number="109" hits="0" branch="false" />
                <line number="113" hits="0" branch="false" />
                <line number="115" hits="0" branch="false" />
                <line number="117" hits="0" branch="false" />
                <line number="118" hits="0" branch="false" />
              </lines>
            </method>
            <method name="ValidateAccount" signature="(...)" line-rate="0" branch-rate="0" complexity="6">
              <lines>
                <line number="121" hits="0" branch="false" />
                <line number="122" hits="0" branch="true" condition-coverage="0% (0/2)" />
                <line number="123" hits="0" branch="false" />
                <line number="124" hits="0" branch="false" />
                <line number="126" hits="0" branch="true" condition-coverage="0% (0/2)" />
                <line number="127" hits="0" branch="false" />
                <line number="128" hits="0" branch="false" />
                <line number="130" hits="0" branch="true" condition-coverage="0% (0/2)" />
                <line number="131" hits="0" branch="false" />
                <line number="132" hits="0" branch="false" />
                <line number="134" hits="0" branch="false" />
              </lines>
            </method>
            <method name="GetTotalTransferredToday" signature="(...)" line-rate="0" branch-rate="0" complexity="4">
              <lines>
                <line number="137" hits="0" branch="false" />
                <line number="138" hits="0" branch="false" />
                <line number="139" hits="0" branch="false" />
                <line number="141" hits="0" branch="true" condition-coverage="0% (0/2)" />
                <line number="142" hits="0" branch="false" />
                <line number="143" hits="0" branch="true" condition-coverage="0% (0/2)" />
                <line number="144" hits="0" branch="false" />
                <line number="145" hits="0" branch="false" />
                <line number="146" hits="0" branch="false" />
                <line number="147" hits="0" branch="false" />
                <line number="149" hits="0" branch="false" />
                <line number="150" hits="0" branch="false" />
              </lines>
            </method>
          </methods>
          <lines>
            <line number="15" hits="2" branch="false" />
            <line number="17" hits="2" branch="false" />
            <line number="19" hits="2" branch="false" />
            <line number="20" hits="2" branch="false" />
            <line number="22" hits="2" branch="true" condition-coverage="100% (2/2)" />
            <line number="23" hits="1" branch="false" />
            <line number="24" hits="1" branch="false" />
            <line number="27" hits="1" branch="false" />
            <line number="28" hits="1" branch="false" />
            <line number="29" hits="1" branch="false" />
            <line number="32" hits="0" branch="false" />
            <line number="33" hits="0" branch="false" />
            <line number="35" hits="0" branch="true" condition-coverage="0% (0/2)" />
            <line number="36" hits="0" branch="false" />
            <line number="37" hits="0" branch="false" />
            <line number="40" hits="0" branch="false" />
            <line number="41" hits="0" branch="false" />
            <line number="42" hits="0" branch="false" />
            <line number="44" hits="0" branch="false" />
            <line number="45" hits="0" branch="false" />
            <line number="48" hits="0" branch="false" />
            <line number="49" hits="0" branch="false" />
            <line number="50" hits="0" branch="false" />
            <line number="51" hits="0" branch="false" />
            <line number="52" hits="0" branch="false" />
            <line number="54" hits="0" branch="false" />
            <line number="55" hits="0" branch="false" />
            <line number="58" hits="0" branch="false" />
            <line number="59" hits="0" branch="false" />
            <line number="61" hits="0" branch="true" condition-coverage="0% (0/2)" />
            <line number="62" hits="0" branch="false" />
            <line number="63" hits="0" branch="false" />
            <line number="66" hits="0" branch="false" />
            <line number="67" hits="0" branch="false" />
            <line number="69" hits="0" branch="true" condition-coverage="0% (0/2)" />
            <line number="70" hits="0" branch="false" />
            <line number="71" hits="0" branch="false" />
            <line number="74" hits="0" branch="false" />
            <line number="75" hits="0" branch="false" />
            <line number="77" hits="0" branch="false" />
            <line number="78" hits="0" branch="false" />
            <line number="79" hits="0" branch="false" />
            <line number="81" hits="0" branch="false" />
            <line number="82" hits="0" branch="false" />
            <line number="85" hits="0" branch="false" />
            <line number="86" hits="0" branch="false" />
            <line number="88" hits="0" branch="true" condition-coverage="0% (0/2)" />
            <line number="89" hits="0" branch="false" />
            <line number="90" hits="0" branch="false" />
            <line number="93" hits="0" branch="false" />
            <line number="94" hits="0" branch="false" />
            <line number="96" hits="0" branch="true" condition-coverage="0% (0/2)" />
            <line number="97" hits="0" branch="false" />
            <line number="98" hits="0" branch="false" />
            <line number="101" hits="0" branch="false" />
            <line number="107" hits="0" branch="false" />
            <line number="108" hits="0" branch="false" />
            <line number="109" hits="0" branch="false" />
            <line number="113" hits="0" branch="false" />
            <line number="115" hits="0" branch="false" />
            <line number="117" hits="0" branch="false" />
            <line number="118" hits="0" branch="false" />
            <line number="121" hits="0" branch="false" />
            <line number="122" hits="0" branch="true" condition-coverage="0% (0/2)" />
            <line number="123" hits="0" branch="false" />
            <line number="124" hits="0" branch="false" />
            <line number="126" hits="0" branch="true" condition-coverage="0% (0/2)" />
            <line number="127" hits="0" branch="false" />
            <line number="128" hits="0" branch="false" />
            <line number="130" hits="0" branch="true" condition-coverage="0% (0/2)" />
            <line number="131" hits="0" branch="false" />
            <line number="132" hits="0" branch="false" />
            <line number="134" hits="0" branch="false" />
            <line number="137" hits="0" branch="false" />
            <line number="138" hits="0" branch="false" />
            <line number="139" hits="0" branch="false" />
            <line number="141" hits="0" branch="true" condition-coverage="0% (0/2)" />
            <line number="142" hits="0" branch="false" />
            <line number="143" hits="0" branch="true" condition-coverage="0% (0/2)" />
            <line number="144" hits="0" branch="false" />
            <line number="145" hits="0" branch="false" />
            <line number="146" hits="0" branch="false" />
            <line number="147" hits="0" branch="false" />
            <line number="149" hits="0" branch="false" />
            <line number="150" hits="0" branch="false" />
          </lines>
        </class>
        <class name="ConsoleApp22.AccountPrivilegeManager" filename="C:\Users\Aryan.Singh\source\repos\ConsoleApp22\ConsoleApp22\AccountPrivilegeManager.cs" line-rate="0" branch-rate="1" complexity="1">
          <methods>
            <method name="GetDailyLimit" signature="(...)" line-rate="0" branch-rate="1" complexity="1">
              <lines>
                <line number="12" hits="0" branch="false" />
                <line number="13" hits="0" branch="false" />
                <line number="14" hits="0" branch="false" />
              </lines>
            </method>
          </methods>
          <lines>
            <line number="12" hits="0" branch="false" />
            <line number="13" hits="0" branch="false" />
            <line number="14" hits="0" branch="false" />
          </lines>
        </class>
        <class name="ConsoleApp22.BankDbRepository" filename="C:\Users\Aryan.Singh\source\repos\ConsoleApp22\ConsoleApp22\BankDbRepository.cs" line-rate="0" branch-rate="1" complexity="2">
          <methods>
            <method name="Create" signature="(...)" line-rate="0" branch-rate="1" complexity="1">
              <lines>
                <line number="16" hits="0" branch="false" />
                <line number="17" hits="0" branch="false" />
                <line number="18" hits="0" branch="false" />
                <line number="19" hits="0" branch="false" />
                <line number="26" hits="0" branch="false" />
                <line number="30" hits="0" branch="false" />
                <line number="31" hits="0" branch="false" />
                <line number="38" hits="0" branch="false" />
                <line number="42" hits="0" branch="false" />
                <line number="43" hits="0" branch="false" />
                <line number="44" hits="0" branch="false" />
                <line number="45" hits="0" branch="false" />
                <line number="46" hits="0" branch="false" />
                <line number="48" hits="0" branch="false" />
                <line number="49" hits="0" branch="false" />
                <line number="50" hits="0" branch="false" />
                <line number="51" hits="0" branch="false" />
                <line number="53" hits="0" branch="false" />
                <line number="54" hits="0" branch="false" />
                <line number="55" hits="0" branch="false" />
                <line number="56" hits="0" branch="false" />
                <line number="58" hits="0" branch="false" />
                <line number="59" hits="0" branch="false" />
                <line number="60" hits="0" branch="false" />
                <line number="61" hits="0" branch="false" />
                <line number="65" hits="0" branch="false" />
                <line number="66" hits="0" branch="false" />
                <line number="67" hits="0" branch="false" />
                <line number="68" hits="0" branch="false" />
                <line number="70" hits="0" branch="false" />
                <line number="71" hits="0" branch="false" />
                <line number="72" hits="0" branch="false" />
                <line number="73" hits="0" branch="false" />
                <line number="75" hits="0" branch="false" />
                <line number="76" hits="0" branch="false" />
                <line number="77" hits="0" branch="false" />
                <line number="78" hits="0" branch="false" />
                <line number="80" hits="0" branch="false" />
                <line number="81" hits="0" branch="false" />
                <line number="82" hits="0" branch="false" />
                <line number="83" hits="0" branch="false" />
                <line number="95" hits="0" branch="false" />
                <line number="96" hits="0" branch="false" />
                <line number="98" hits="0" branch="false" />
                <line number="99" hits="0" branch="false" />
                <line number="100" hits="0" branch="false" />
                <line number="103" hits="0" branch="false" />
                <line number="109" hits="0" branch="false" />
                <line number="110" hits="0" branch="false" />
                <line number="111" hits="0" branch="false" />
                <line number="112" hits="0" branch="false" />
              </lines>
            </method>
            <method name="GetAll" signature="()" line-rate="0" branch-rate="1" complexity="1">
              <lines>
                <line number="115" hits="0" branch="false" />
                <line number="116" hits="0" branch="false" />
              </lines>
            </method>
          </methods>
          <lines>
            <line number="16" hits="0" branch="false" />
            <line number="17" hits="0" branch="false" />
            <line number="18" hits="0" branch="false" />
            <line number="19" hits="0" branch="false" />
            <line number="26" hits="0" branch="false" />
            <line number="30" hits="0" branch="false" />
            <line number="31" hits="0" branch="false" />
            <line number="38" hits="0" branch="false" />
            <line number="42" hits="0" branch="false" />
            <line number="43" hits="0" branch="false" />
            <line number="44" hits="0" branch="false" />
            <line number="45" hits="0" branch="false" />
            <line number="46" hits="0" branch="false" />
            <line number="48" hits="0" branch="false" />
            <line number="49" hits="0" branch="false" />
            <line number="50" hits="0" branch="false" />
            <line number="51" hits="0" branch="false" />
            <line number="53" hits="0" branch="false" />
            <line number="54" hits="0" branch="false" />
            <line number="55" hits="0" branch="false" />
            <line number="56" hits="0" branch="false" />
            <line number="58" hits="0" branch="false" />
            <line number="59" hits="0" branch="false" />
            <line number="60" hits="0" branch="false" />
            <line number="61" hits="0" branch="false" />
            <line number="65" hits="0" branch="false" />
            <line number="66" hits="0" branch="false" />
            <line number="67" hits="0" branch="false" />
            <line number="68" hits="0" branch="false" />
            <line number="70" hits="0" branch="false" />
            <line number="71" hits="0" branch="false" />
            <line number="72" hits="0" branch="false" />
            <line number="73" hits="0" branch="false" />
            <line number="75" hits="0" branch="false" />
            <line number="76" hits="0" branch="false" />
            <line number="77" hits="0" branch="false" />
            <line number="78" hits="0" branch="false" />
            <line number="80" hits="0" branch="false" />
            <line number="81" hits="0" branch="false" />
            <line number="82" hits="0" branch="false" />
            <line number="83" hits="0" branch="false" />
            <line number="95" hits="0" branch="false" />
            <line number="96" hits="0" branch="false" />
            <line number="98" hits="0" branch="false" />
            <line number="99" hits="0" branch="false" />
            <line number="100" hits="0" branch="false" />
            <line number="103" hits="0" branch="false" />
            <line number="109" hits="0" branch="false" />
            <line number="110" hits="0" branch="false" />
            <line number="111" hits="0" branch="false" />
            <line number="112" hits="0" branch="false" />
            <line number="115" hits="0" branch="false" />
            <line number="116" hits="0" branch="false" />
          </lines>
        </class>
        <class name="ConsoleApp22.CitiBankService" filename="C:\Users\Aryan.Singh\source\repos\ConsoleApp22\ConsoleApp22\CitiBankService.cs" line-rate="0" branch-rate="1" complexity="1">
          <methods>
            <method name="Deposit" signature="(...)" line-rate="0" branch-rate="1" complexity="1">
              <lines>
                <line number="13" hits="0" branch="false" />
                <line number="15" hits="0" branch="false" />
                <line number="16" hits="0" branch="false" />
                <line number="17" hits="0" branch="false" />
                <line number="19" hits="0" branch="false" />
                <line number="22" hits="0" branch="false" />
              </lines>
            </method>
          </methods>
          <lines>
            <line number="13" hits="0" branch="false" />
            <line number="15" hits="0" branch="false" />
            <line number="16" hits="0" branch="false" />
            <line number="17" hits="0" branch="false" />
            <line number="19" hits="0" branch="false" />
            <line number="22" hits="0" branch="false" />
          </lines>
        </class>
        <class name="ConsoleApp22.Current" filename="C:\Users\Aryan.Singh\source\repos\ConsoleApp22\ConsoleApp22\Current.cs" line-rate="0" branch-rate="0" complexity="5">
          <methods>
            <method name="GetAccType" signature="()" line-rate="0" branch-rate="1" complexity="1">
              <lines>
                <line number="26" hits="0" branch="false" />
                <line number="27" hits="0" branch="false" />
                <line number="29" hits="0" branch="false" />
              </lines>
            </method>
            <method name="Open" signature="()" line-rate="0" branch-rate="1" complexity="1">
              <lines>
                <line number="32" hits="0" branch="false" />
                <line number="33" hits="0" branch="false" />
                <line number="34" hits="0" branch="false" />
                <line number="35" hits="0" branch="false" />
                <line number="37" hits="0" branch="false" />
              </lines>
            </method>
            <method name="Close" signature="()" line-rate="0" branch-rate="0" complexity="2">
              <lines>
                <line number="40" hits="0" branch="false" />
                <line number="41" hits="0" branch="true" condition-coverage="0% (0/2)" />
                <line number="42" hits="0" branch="false" />
                <line number="43" hits="0" branch="false" />
                <line number="44" hits="0" branch="false" />
                <line number="45" hits="0" branch="false" />
                <line number="46" hits="0" branch="false" />
                <line number="47" hits="0" branch="false" />
              </lines>
            </method>
            <method name=".ctor" signature="(...)" line-rate="0" branch-rate="1" complexity="1">
              <lines>
                <line number="12" hits="0" branch="false" />
                <line number="13" hits="0" branch="false" />
                <line number="14" hits="0" branch="false" />
                <line number="15" hits="0" branch="false" />
                <line number="16" hits="0" branch="false" />
                <line number="17" hits="0" branch="false" />
                <line number="18" hits="0" branch="false" />
                <line number="19" hits="0" branch="false" />
                <line number="20" hits="0" branch="false" />
                <line number="21" hits="0" branch="false" />
              </lines>
            </method>
          </methods>
          <lines>
            <line number="12" hits="0" branch="false" />
            <line number="13" hits="0" branch="false" />
            <line number="14" hits="0" branch="false" />
            <line number="15" hits="0" branch="false" />
            <line number="16" hits="0" branch="false" />
            <line number="17" hits="0" branch="false" />
            <line number="18" hits="0" branch="false" />
            <line number="19" hits="0" branch="false" />
            <line number="20" hits="0" branch="false" />
            <line number="21" hits="0" branch="false" />
            <line number="26" hits="0" branch="false" />
            <line number="27" hits="0" branch="false" />
            <line number="29" hits="0" branch="false" />
            <line number="32" hits="0" branch="false" />
            <line number="33" hits="0" branch="false" />
            <line number="34" hits="0" branch="false" />
            <line number="35" hits="0" branch="false" />
            <line number="37" hits="0" branch="false" />
            <line number="40" hits="0" branch="false" />
            <line number="41" hits="0" branch="true" condition-coverage="0% (0/2)" />
            <line number="42" hits="0" branch="false" />
            <line number="43" hits="0" branch="false" />
            <line number="44" hits="0" branch="false" />
            <line number="45" hits="0" branch="false" />
            <line number="46" hits="0" branch="false" />
            <line number="47" hits="0" branch="false" />
          </lines>
        </class>
        <class name="ConsoleApp22.DailyLimitExceededException" filename="C:\Users\Aryan.Singh\source\repos\ConsoleApp22\ConsoleApp22\DailyLimitExceededException.cs" line-rate="0" branch-rate="1" complexity="3">
          <methods>
            <method name=".ctor" signature="()" line-rate="0" branch-rate="1" complexity="1">
              <lines>
                <line number="7" hits="0" branch="false" />
                <line number="8" hits="0" branch="false" />
                <line number="9" hits="0" branch="false" />
              </lines>
            </method>
            <method name=".ctor" signature="(...)" line-rate="0" branch-rate="1" complexity="1">
              <lines>
                <line number="11" hits="0" branch="false" />
                <line number="12" hits="0" branch="false" />
                <line number="13" hits="0" branch="false" />
              </lines>
            </method>
            <method name=".ctor" signature="(...)" line-rate="0" branch-rate="1" complexity="1">
              <lines>
                <line number="15" hits="0" branch="false" />
                <line number="16" hits="0" branch="false" />
                <line number="17" hits="0" branch="false" />
              </lines>
            </method>
          </methods>
          <lines>
            <line number="7" hits="0" branch="false" />
            <line number="8" hits="0" branch="false" />
            <line number="9" hits="0" branch="false" />
            <line number="11" hits="0" branch="false" />
            <line number="12" hits="0" branch="false" />
            <line number="13" hits="0" branch="false" />
            <line number="15" hits="0" branch="false" />
            <line number="16" hits="0" branch="false" />
            <line number="17" hits="0" branch="false" />
          </lines>
        </class>
        <class name="ConsoleApp22.Date" filename="C:\Users\Aryan.Singh\source\repos\ConsoleApp22\ConsoleApp22\Date.cs" line-rate="0" branch-rate="1" complexity="1">
          <methods>
            <method name="get_DateOfOpening" signature="()" line-rate="0" branch-rate="1" complexity="1">
              <lines>
                <line number="13" hits="0" branch="false" />
              </lines>
            </method>
          </methods>
          <lines>
            <line number="13" hits="0" branch="false" />
          </lines>
        </class>
        <class name="ConsoleApp22.ExternalAccount" filename="C:\Users\Aryan.Singh\source\repos\ConsoleApp22\ConsoleApp22\ExternalAccount.cs" line-rate="0" branch-rate="1" complexity="4">
          <methods>
            <method name="get_AccNo" signature="()" line-rate="0" branch-rate="1" complexity="1">
              <lines>
                <line number="5" hits="0" branch="false" />
              </lines>
            </method>
            <method name="get_BankCode" signature="()" line-rate="0" branch-rate="1" complexity="1">
              <lines>
                <line number="6" hits="0" branch="false" />
              </lines>
            </method>
            <method name="get_BankName" signature="()" line-rate="0" branch-rate="1" complexity="1">
              <lines>
                <line number="7" hits="0" branch="false" />
              </lines>
            </method>
            <method name=".ctor" signature="(...)" line-rate="0" branch-rate="1" complexity="1">
              <lines>
                <line number="9" hits="0" branch="false" />
                <line number="10" hits="0" branch="false" />
                <line number="11" hits="0" branch="false" />
                <line number="12" hits="0" branch="false" />
                <line number="13" hits="0" branch="false" />
                <line number="14" hits="0" branch="false" />
              </lines>
            </method>
          </methods>
          <lines>
            <line number="5" hits="0" branch="false" />
            <line number="6" hits="0" branch="false" />
            <line number="7" hits="0" branch="false" />
            <line number="9" hits="0" branch="false" />
            <line number="10" hits="0" branch="false" />
            <line number="11" hits="0" branch="false" />
            <line number="12" hits="0" branch="false" />
            <line number="13" hits="0" branch="false" />
            <line number="14" hits="0" branch="false" />
          </lines>
        </class>
        <class name="ConsoleApp22.ExternalBankServiceFactory" filename="C:\Users\Aryan.Singh\source\repos\ConsoleApp22\ConsoleApp22\ExternalBankServiceFactory.cs" line-rate="0" branch-rate="0" complexity="7">
          <methods>
            <method name="get_Instance" signature="()" line-rate="0" branch-rate="1" complexity="1">
              <lines>
                <line number="21" hits="0" branch="false" />
              </lines>
            </method>
            <method name="GetExternalBankService" signature="(...)" line-rate="0" branch-rate="0" complexity="2">
              <lines>
                <line number="24" hits="0" branch="false" />
                <line number="25" hits="0" branch="true" condition-coverage="0% (0/2)" />
                <line number="26" hits="0" branch="false" />
                <line number="27" hits="0" branch="false" />
                <line number="30" hits="0" branch="false" />
                <line number="31" hits="0" branch="false" />
                <line number="33" hits="0" branch="false" />
              </lines>
            </method>
            <method name="LoadBankServicesFromConfig" signature="()" line-rate="0" branch-rate="0" complexity="2">
              <lines>
                <line number="36" hits="0" branch="false" />
                <line number="37" hits="0" branch="false" />
                <line number="40" hits="0" branch="false" />
                <line number="41" hits="0" branch="true" condition-coverage="0% (0/2)" />
                <line number="42" hits="0" branch="false" />
                <line number="43" hits="0" branch="false" />
                <line number="44" hits="0" branch="false" />
                <line number="48" hits="0" branch="false" />
                <line number="49" hits="0" branch="false" />
                <line number="52" hits="0" branch="false" />
                <line number="54" hits="0" branch="false" />
                <line number="55" hits="0" branch="false" />
              </lines>
            </method>
            <method name=".ctor" signature="()" line-rate="0" branch-rate="1" complexity="1">
              <lines>
                <line number="16" hits="0" branch="false" />
                <line number="17" hits="0" branch="false" />
                <line number="18" hits="0" branch="false" />
                <line number="19" hits="0" branch="false" />
              </lines>
            </method>
            <method name=".cctor" signature="()" line-rate="0" branch-rate="1" complexity="1">
              <lines>
                <line number="13" hits="0" branch="false" />
              </lines>
            </method>
          </methods>
          <lines>
            <line number="13" hits="0" branch="false" />
            <line number="16" hits="0" branch="false" />
            <line number="17" hits="0" branch="false" />
            <line number="18" hits="0" branch="false" />
            <line number="19" hits="0" branch="false" />
            <line number="21" hits="0" branch="false" />
            <line number="24" hits="0" branch="false" />
            <line number="25" hits="0" branch="true" condition-coverage="0% (0/2)" />
            <line number="26" hits="0" branch="false" />
            <line number="27" hits="0" branch="false" />
            <line number="30" hits="0" branch="false" />
            <line number="31" hits="0" branch="false" />
            <line number="33" hits="0" branch="false" />
            <line number="36" hits="0" branch="false" />
            <line number="37" hits="0" branch="false" />
            <line number="40" hits="0" branch="false" />
            <line number="41" hits="0" branch="true" condition-coverage="0% (0/2)" />
            <line number="42" hits="0" branch="false" />
            <line number="43" hits="0" branch="false" />
            <line number="44" hits="0" branch="false" />
            <line number="48" hits="0" branch="false" />
            <line number="49" hits="0" branch="false" />
            <line number="52" hits="0" branch="false" />
            <line number="54" hits="0" branch="false" />
            <line number="55" hits="0" branch="false" />
          </lines>
        </class>
        <class name="ConsoleApp22.ExternalTransfer" filename="C:\Users\Aryan.Singh\source\repos\ConsoleApp22\ConsoleApp22\ExternalTransfer.cs" line-rate="0" branch-rate="1" complexity="4">
          <methods>
            <method name="get_ToExternalAccount" signature="()" line-rate="0" branch-rate="1" complexity="1">
              <lines>
                <line number="12" hits="0" branch="false" />
              </lines>
            </method>
            <method name="get_FromAccPin" signature="()" line-rate="0" branch-rate="1" complexity="1">
              <lines>
                <line number="13" hits="0" branch="false" />
              </lines>
            </method>
            <method name="get_Status" signature="()" line-rate="0" branch-rate="1" complexity="1">
              <lines>
                <line number="14" hits="0" branch="false" />
              </lines>
            </method>
            <method name=".ctor" signature="(...)" line-rate="0" branch-rate="1" complexity="1">
              <lines>
                <line number="15" hits="0" branch="false" />
                <line number="16" hits="0" branch="false" />
                <line number="17" hits="0" branch="false" />
                <line number="18" hits="0" branch="false" />
                <line number="19" hits="0" branch="false" />
                <line number="20" hits="0" branch="false" />
              </lines>
            </method>
          </methods>
          <lines>
            <line number="12" hits="0" branch="false" />
            <line number="13" hits="0" branch="false" />
            <line number="14" hits="0" branch="false" />
            <line number="15" hits="0" branch="false" />
            <line number="16" hits="0" branch="false" />
            <line number="17" hits="0" branch="false" />
            <line number="18" hits="0" branch="false" />
            <line number="19" hits="0" branch="false" />
            <line number="20" hits="0" branch="false" />
          </lines>
        </class>
        <class name="ConsoleApp22.IdGenerator" filename="C:\Users\Aryan.Singh\source\repos\ConsoleApp22\ConsoleApp22\IdGenerator.cs" line-rate="1" branch-rate="1" complexity="2">
          <methods>
            <method name="GenerateId" signature="()" line-rate="1" branch-rate="1" complexity="1">
              <lines>
                <line number="13" hits="2" branch="false" />
                <line number="14" hits="2" branch="false" />
                <line number="15" hits="2" branch="false" />
              </lines>
            </method>
            <method name=".cctor" signature="()" line-rate="1" branch-rate="1" complexity="1">
              <lines>
                <line number="11" hits="1" branch="false" />
              </lines>
            </method>
          </methods>
          <lines>
            <line number="11" hits="1" branch="false" />
            <line number="13" hits="2" branch="false" />
            <line number="14" hits="2" branch="false" />
            <line number="15" hits="2" branch="false" />
          </lines>
        </class>
        <class name="ConsoleApp22.InactiveAccountException" filename="C:\Users\Aryan.Singh\source\repos\ConsoleApp22\ConsoleApp22\InactiveAccountException.cs" line-rate="0" branch-rate="1" complexity="3">
          <methods>
            <method name=".ctor" signature="()" line-rate="0" branch-rate="1" complexity="1">
              <lines>
                <line number="11" hits="0" branch="false" />
                <line number="12" hits="0" branch="false" />
                <line number="13" hits="0" branch="false" />
              </lines>
            </method>
            <method name=".ctor" signature="(...)" line-rate="0" branch-rate="1" complexity="1">
              <lines>
                <line number="15" hits="0" branch="false" />
                <line number="16" hits="0" branch="false" />
                <line number="17" hits="0" branch="false" />
              </lines>
            </method>
            <method name=".ctor" signature="(...)" line-rate="0" branch-rate="1" complexity="1">
              <lines>
                <line number="19" hits="0" branch="false" />
                <line number="20" hits="0" branch="false" />
                <line number="21" hits="0" branch="false" />
              </lines>
            </method>
          </methods>
          <lines>
            <line number="11" hits="0" branch="false" />
            <line number="12" hits="0" branch="false" />
            <line number="13" hits="0" branch="false" />
            <line number="15" hits="0" branch="false" />
            <line number="16" hits="0" branch="false" />
            <line number="17" hits="0" branch="false" />
            <line number="19" hits="0" branch="false" />
            <line number="20" hits="0" branch="false" />
            <line number="21" hits="0" branch="false" />
          </lines>
        </class>
        <class name="ConsoleApp22.InsufficientBalanceException" filename="C:\Users\Aryan.Singh\source\repos\ConsoleApp22\ConsoleApp22\InsufficientBalanceException.cs" line-rate="0" branch-rate="1" complexity="3">
          <methods>
            <method name=".ctor" signature="()" line-rate="0" branch-rate="1" complexity="1">
              <lines>
                <line number="11" hits="0" branch="false" />
                <line number="12" hits="0" branch="false" />
                <line number="13" hits="0" branch="false" />
              </lines>
            </method>
            <method name=".ctor" signature="(...)" line-rate="0" branch-rate="1" complexity="1">
              <lines>
                <line number="15" hits="0" branch="false" />
                <line number="16" hits="0" branch="false" />
                <line number="17" hits="0" branch="false" />
              </lines>
            </method>
            <method name=".ctor" signature="(...)" line-rate="0" branch-rate="1" complexity="1">
              <lines>
                <line number="19" hits="0" branch="false" />
                <line number="20" hits="0" branch="false" />
                <line number="21" hits="0" branch="false" />
              </lines>
            </method>
          </methods>
          <lines>
            <line number="11" hits="0" branch="false" />
            <line number="12" hits="0" branch="false" />
            <line number="13" hits="0" branch="false" />
            <line number="15" hits="0" branch="false" />
            <line number="16" hits="0" branch="false" />
            <line number="17" hits="0" branch="false" />
            <line number="19" hits="0" branch="false" />
            <line number="20" hits="0" branch="false" />
            <line number="21" hits="0" branch="false" />
          </lines>
        </class>
        <class name="ConsoleApp22.InvalidAccountTypeException" filename="C:\Users\Aryan.Singh\source\repos\ConsoleApp22\ConsoleApp22\InvalidAccountTypeException.cs" line-rate="0" branch-rate="1" complexity="3">
          <methods>
            <method name=".ctor" signature="()" line-rate="0" branch-rate="1" complexity="1">
              <lines>
                <line number="11" hits="0" branch="false" />
                <line number="12" hits="0" branch="false" />
                <line number="15" hits="0" branch="false" />
              </lines>
            </method>
            <method name=".ctor" signature="(...)" line-rate="0" branch-rate="1" complexity="1">
              <lines>
                <line number="17" hits="0" branch="false" />
                <line number="18" hits="0" branch="false" />
                <line number="19" hits="0" branch="false" />
              </lines>
            </method>
            <method name=".ctor" signature="(...)" line-rate="0" branch-rate="1" complexity="1">
              <lines>
                <line number="21" hits="0" branch="false" />
                <line number="22" hits="0" branch="false" />
                <line number="23" hits="0" branch="false" />
              </lines>
            </method>
          </methods>
          <lines>
            <line number="11" hits="0" branch="false" />
            <line number="12" hits="0" branch="false" />
            <line number="15" hits="0" branch="false" />
            <line number="17" hits="0" branch="false" />
            <line number="18" hits="0" branch="false" />
            <line number="19" hits="0" branch="false" />
            <line number="21" hits="0" branch="false" />
            <line number="22" hits="0" branch="false" />
            <line number="23" hits="0" branch="false" />
          </lines>
        </class>
        <class name="ConsoleApp22.InvalidPinException" filename="C:\Users\Aryan.Singh\source\repos\ConsoleApp22\ConsoleApp22\InvalidPinException.cs" line-rate="0" branch-rate="1" complexity="3">
          <methods>
            <method name=".ctor" signature="()" line-rate="0" branch-rate="1" complexity="1">
              <lines>
                <line number="11" hits="0" branch="false" />
                <line number="12" hits="0" branch="false" />
                <line number="13" hits="0" branch="false" />
              </lines>
            </method>
            <method name=".ctor" signature="(...)" line-rate="0" branch-rate="1" complexity="1">
              <lines>
                <line number="15" hits="0" branch="false" />
                <line number="16" hits="0" branch="false" />
                <line number="17" hits="0" branch="false" />
              </lines>
            </method>
            <method name=".ctor" signature="(...)" line-rate="0" branch-rate="1" complexity="1">
              <lines>
                <line number="19" hits="0" branch="false" />
                <line number="20" hits="0" branch="false" />
                <line number="21" hits="0" branch="false" />
              </lines>
            </method>
          </methods>
          <lines>
            <line number="11" hits="0" branch="false" />
            <line number="12" hits="0" branch="false" />
            <line number="13" hits="0" branch="false" />
            <line number="15" hits="0" branch="false" />
            <line number="16" hits="0" branch="false" />
            <line number="17" hits="0" branch="false" />
            <line number="19" hits="0" branch="false" />
            <line number="20" hits="0" branch="false" />
            <line number="21" hits="0" branch="false" />
          </lines>
        </class>
        <class name="ConsoleApp22.InvalidPolicyTypeException" filename="C:\Users\Aryan.Singh\source\repos\ConsoleApp22\ConsoleApp22\InvalidPolicyTypeException.cs" line-rate="0" branch-rate="1" complexity="3">
          <methods>
            <method name=".ctor" signature="()" line-rate="0" branch-rate="1" complexity="1">
              <lines>
                <line number="7" hits="0" branch="false" />
                <line number="8" hits="0" branch="false" />
                <line number="9" hits="0" branch="false" />
              </lines>
            </method>
            <method name=".ctor" signature="(...)" line-rate="0" branch-rate="1" complexity="1">
              <lines>
                <line number="11" hits="0" branch="false" />
                <line number="12" hits="0" branch="false" />
                <line number="13" hits="0" branch="false" />
              </lines>
            </method>
            <method name=".ctor" signature="(...)" line-rate="0" branch-rate="1" complexity="1">
              <lines>
                <line number="15" hits="0" branch="false" />
                <line number="16" hits="0" branch="false" />
                <line number="17" hits="0" branch="false" />
              </lines>
            </method>
          </methods>
          <lines>
            <line number="7" hits="0" branch="false" />
            <line number="8" hits="0" branch="false" />
            <line number="9" hits="0" branch="false" />
            <line number="11" hits="0" branch="false" />
            <line number="12" hits="0" branch="false" />
            <line number="13" hits="0" branch="false" />
            <line number="15" hits="0" branch="false" />
            <line number="16" hits="0" branch="false" />
            <line number="17" hits="0" branch="false" />
          </lines>
        </class>
        <class name="ConsoleApp22.InvalidPrivilegeTypeException" filename="C:\Users\Aryan.Singh\source\repos\ConsoleApp22\ConsoleApp22\InvalidPrivilegeTypeException.cs" line-rate="0" branch-rate="1" complexity="3">
          <methods>
            <method name=".ctor" signature="()" line-rate="0" branch-rate="1" complexity="1">
              <lines>
                <line number="7" hits="0" branch="false" />
                <line number="8" hits="0" branch="false" />
                <line number="9" hits="0" branch="false" />
              </lines>
            </method>
            <method name=".ctor" signature="(...)" line-rate="0" branch-rate="1" complexity="1">
              <lines>
                <line number="11" hits="0" branch="false" />
                <line number="12" hits="0" branch="false" />
                <line number="13" hits="0" branch="false" />
              </lines>
            </method>
            <method name=".ctor" signature="(...)" line-rate="0" branch-rate="1" complexity="1">
              <lines>
                <line number="15" hits="0" branch="false" />
                <line number="16" hits="0" branch="false" />
                <line number="17" hits="0" branch="false" />
              </lines>
            </method>
          </methods>
          <lines>
            <line number="7" hits="0" branch="false" />
            <line number="8" hits="0" branch="false" />
            <line number="9" hits="0" branch="false" />
            <line number="11" hits="0" branch="false" />
            <line number="12" hits="0" branch="false" />
            <line number="13" hits="0" branch="false" />
            <line number="15" hits="0" branch="false" />
            <line number="16" hits="0" branch="false" />
            <line number="17" hits="0" branch="false" />
          </lines>
        </class>
        <class name="ConsoleApp22.InvalidTransactionTypeException" filename="C:\Users\Aryan.Singh\source\repos\ConsoleApp22\ConsoleApp22\InvalidTransactionTypeException.cs" line-rate="0" branch-rate="1" complexity="3">
          <methods>
            <method name=".ctor" signature="()" line-rate="0" branch-rate="1" complexity="1">
              <lines>
                <line number="7" hits="0" branch="false" />
                <line number="8" hits="0" branch="false" />
                <line number="9" hits="0" branch="false" />
              </lines>
            </method>
            <method name=".ctor" signature="(...)" line-rate="0" branch-rate="1" complexity="1">
              <lines>
                <line number="11" hits="0" branch="false" />
                <line number="12" hits="0" branch="false" />
                <line number="13" hits="0" branch="false" />
              </lines>
            </method>
            <method name=".ctor" signature="(...)" line-rate="0" branch-rate="1" complexity="1">
              <lines>
                <line number="15" hits="0" branch="false" />
                <line number="16" hits="0" branch="false" />
                <line number="17" hits="0" branch="false" />
              </lines>
            </method>
          </methods>
          <lines>
            <line number="7" hits="0" branch="false" />
            <line number="8" hits="0" branch="false" />
            <line number="9" hits="0" branch="false" />
            <line number="11" hits="0" branch="false" />
            <line number="12" hits="0" branch="false" />
            <line number="13" hits="0" branch="false" />
            <line number="15" hits="0" branch="false" />
            <line number="16" hits="0" branch="false" />
            <line number="17" hits="0" branch="false" />
          </lines>
        </class>
        <class name="ConsoleApp22.MinBalanceNeedsToBeMaintainedException" filename="C:\Users\Aryan.Singh\source\repos\ConsoleApp22\ConsoleApp22\MinBalanceNeedsToBeMaintainedException.cs" line-rate="0.333333333333333" branch-rate="1" complexity="3">
          <methods>
            <method name=".ctor" signature="()" line-rate="0" branch-rate="1" complexity="1">
              <lines>
                <line number="7" hits="0" branch="false" />
                <line number="8" hits="0" branch="false" />
                <line number="9" hits="0" branch="false" />
              </lines>
            </method>
            <method name=".ctor" signature="(...)" line-rate="1" branch-rate="1" complexity="1">
              <lines>
                <line number="11" hits="1" branch="false" />
                <line number="12" hits="1" branch="false" />
                <line number="13" hits="1" branch="false" />
              </lines>
            </method>
            <method name=".ctor" signature="(...)" line-rate="0" branch-rate="1" complexity="1">
              <lines>
                <line number="15" hits="0" branch="false" />
                <line number="16" hits="0" branch="false" />
                <line number="17" hits="0" branch="false" />
              </lines>
            </method>
          </methods>
          <lines>
            <line number="7" hits="0" branch="false" />
            <line number="8" hits="0" branch="false" />
            <line number="9" hits="0" branch="false" />
            <line number="11" hits="1" branch="false" />
            <line number="12" hits="1" branch="false" />
            <line number="13" hits="1" branch="false" />
            <line number="15" hits="0" branch="false" />
            <line number="16" hits="0" branch="false" />
            <line number="17" hits="0" branch="false" />
          </lines>
        </class>
        <class name="ConsoleApp22.Policy" filename="C:\Users\Aryan.Singh\source\repos\ConsoleApp22\ConsoleApp22\IPolicy.cs" line-rate="0.769230769230769" branch-rate="1" complexity="5">
          <methods>
            <method name="get_MinBalance" signature="()" line-rate="1" branch-rate="1" complexity="1">
              <lines>
                <line number="18" hits="8" branch="false" />
              </lines>
            </method>
            <method name="get_RateOfInterest" signature="()" line-rate="1" branch-rate="1" complexity="1">
              <lines>
                <line number="19" hits="6" branch="false" />
              </lines>
            </method>
            <method name="GetMinBalance" signature="()" line-rate="1" branch-rate="1" complexity="1">
              <lines>
                <line number="28" hits="2" branch="false" />
                <line number="29" hits="2" branch="false" />
                <line number="30" hits="2" branch="false" />
              </lines>
            </method>
            <method name="GetRateOfInterest" signature="()" line-rate="0" branch-rate="1" complexity="1">
              <lines>
                <line number="33" hits="0" branch="false" />
                <line number="34" hits="0" branch="false" />
                <line number="35" hits="0" branch="false" />
              </lines>
            </method>
            <method name=".ctor" signature="(...)" line-rate="1" branch-rate="1" complexity="1">
              <lines>
                <line number="21" hits="6" branch="false" />
                <line number="22" hits="6" branch="false" />
                <line number="23" hits="6" branch="false" />
                <line number="24" hits="6" branch="false" />
                <line number="25" hits="6" branch="false" />
              </lines>
            </method>
          </methods>
          <lines>
            <line number="18" hits="8" branch="false" />
            <line number="19" hits="6" branch="false" />
            <line number="21" hits="6" branch="false" />
            <line number="22" hits="6" branch="false" />
            <line number="23" hits="6" branch="false" />
            <line number="24" hits="6" branch="false" />
            <line number="25" hits="6" branch="false" />
            <line number="28" hits="2" branch="false" />
            <line number="29" hits="2" branch="false" />
            <line number="30" hits="2" branch="false" />
            <line number="33" hits="0" branch="false" />
            <line number="34" hits="0" branch="false" />
            <line number="35" hits="0" branch="false" />
          </lines>
        </class>
        <class name="ConsoleApp22.PolicyFactory" filename="C:\Users\Aryan.Singh\source\repos\ConsoleApp22\ConsoleApp22\PolicyFactory.cs" line-rate="0.894736842105263" branch-rate="0.5" complexity="5">
          <methods>
            <method name="LoadPolicies" signature="()" line-rate="1" branch-rate="1" complexity="1">
              <lines>
                <line number="18" hits="1" branch="false" />
                <line number="19" hits="1" branch="false" />
                <line number="20" hits="1" branch="false" />
                <line number="21" hits="1" branch="false" />
                <line number="22" hits="1" branch="false" />
                <line number="23" hits="1" branch="false" />
                <line number="24" hits="1" branch="false" />
                <line number="25" hits="1" branch="false" />
              </lines>
            </method>
            <method name="CreatePolicy" signature="(...)" line-rate="0.75" branch-rate="0.5" complexity="2">
              <lines>
                <line number="30" hits="2" branch="false" />
                <line number="32" hits="2" branch="false" />
                <line number="34" hits="2" branch="true" condition-coverage="50% (1/2)" />
                <line number="35" hits="2" branch="false" />
                <line number="36" hits="2" branch="false" />
                <line number="39" hits="0" branch="false" />
                <line number="40" hits="0" branch="false" />
                <line number="42" hits="2" branch="false" />
              </lines>
            </method>
            <method name=".ctor" signature="()" line-rate="1" branch-rate="1" complexity="1">
              <lines>
                <line number="13" hits="1" branch="false" />
                <line number="15" hits="4" branch="false" />
              </lines>
            </method>
            <method name=".cctor" signature="()" line-rate="1" branch-rate="1" complexity="1">
              <lines>
                <line number="12" hits="1" branch="false" />
              </lines>
            </method>
          </methods>
          <lines>
            <line number="12" hits="1" branch="false" />
            <line number="13" hits="1" branch="false" />
            <line number="15" hits="4" branch="false" />
            <line number="18" hits="1" branch="false" />
            <line number="19" hits="1" branch="false" />
            <line number="20" hits="1" branch="false" />
            <line number="21" hits="1" branch="false" />
            <line number="22" hits="1" branch="false" />
            <line number="23" hits="1" branch="false" />
            <line number="24" hits="1" branch="false" />
            <line number="25" hits="1" branch="false" />
            <line number="30" hits="2" branch="false" />
            <line number="32" hits="2" branch="false" />
            <line number="34" hits="2" branch="true" condition-coverage="50% (1/2)" />
            <line number="35" hits="2" branch="false" />
            <line number="36" hits="2" branch="false" />
            <line number="39" hits="0" branch="false" />
            <line number="40" hits="0" branch="false" />
            <line number="42" hits="2" branch="false" />
          </lines>
        </class>
        <class name="ConsoleApp22.PrivilegeLimits" filename="C:\Users\Aryan.Singh\source\repos\ConsoleApp22\ConsoleApp22\PrivilegeLimits.cs" line-rate="0" branch-rate="0" complexity="5">
          <methods>
            <method name="GetDailyLimit" signature="(...)" line-rate="0" branch-rate="0" complexity="5">
              <lines>
                <line number="12" hits="0" branch="false" />
                <line number="13" hits="0" branch="true" condition-coverage="0% (0/5)" />
                <line number="16" hits="0" branch="false" />
                <line number="18" hits="0" branch="false" />
                <line number="20" hits="0" branch="false" />
                <line number="22" hits="0" branch="false" />
                <line number="24" hits="0" branch="false" />
                <line number="26" hits="0" branch="false" />
              </lines>
            </method>
          </methods>
          <lines>
            <line number="12" hits="0" branch="false" />
            <line number="13" hits="0" branch="true" condition-coverage="0% (0/5)" />
            <line number="16" hits="0" branch="false" />
            <line number="18" hits="0" branch="false" />
            <line number="20" hits="0" branch="false" />
            <line number="22" hits="0" branch="false" />
            <line number="24" hits="0" branch="false" />
            <line number="26" hits="0" branch="false" />
          </lines>
        </class>
        <class name="ConsoleApp22.Program" filename="C:\Users\Aryan.Singh\source\repos\ConsoleApp22\ConsoleApp22\Program.cs" line-rate="0" branch-rate="1" complexity="2">
          <methods>
            <method name="Main" signature="(...)" line-rate="0" branch-rate="1" complexity="1">
              <lines>
                <line number="11" hits="0" branch="false" />
                <line number="12" hits="0" branch="false" />
                <line number="13" hits="0" branch="false" />
                <line number="15" hits="0" branch="false" />
                <line number="16" hits="0" branch="false" />
                <line number="18" hits="0" branch="false" />
                <line number="19" hits="0" branch="false" />
                <line number="20" hits="0" branch="false" />
                <line number="21" hits="0" branch="false" />
                <line number="22" hits="0" branch="false" />
                <line number="23" hits="0" branch="false" />
                <line number="24" hits="0" branch="false" />
                <line number="25" hits="0" branch="false" />
                <line number="26" hits="0" branch="false" />
                <line number="28" hits="0" branch="false" />
                <line number="29" hits="0" branch="false" />
                <line number="30" hits="0" branch="false" />
                <line number="31" hits="0" branch="false" />
                <line number="32" hits="0" branch="false" />
                <line number="33" hits="0" branch="false" />
                <line number="34" hits="0" branch="false" />
                <line number="35" hits="0" branch="false" />
                <line number="36" hits="0" branch="false" />
                <line number="38" hits="0" branch="false" />
                <line number="39" hits="0" branch="false" />
                <line number="46" hits="0" branch="false" />
                <line number="49" hits="0" branch="false" />
                <line number="52" hits="0" branch="false" />
                <line number="53" hits="0" branch="false" />
                <line number="55" hits="0" branch="false" />
                <line number="56" hits="0" branch="false" />
                <line number="59" hits="0" branch="false" />
                <line number="60" hits="0" branch="false" />
                <line number="61" hits="0" branch="false" />
                <line number="64" hits="0" branch="false" />
                <line number="65" hits="0" branch="false" />
                <line number="67" hits="0" branch="false" />
                <line number="70" hits="0" branch="false" />
                <line number="71" hits="0" branch="false" />
                <line number="72" hits="0" branch="false" />
                <line number="73" hits="0" branch="false" />
                <line number="74" hits="0" branch="false" />
                <line number="75" hits="0" branch="false" />
                <line number="76" hits="0" branch="false" />
                <line number="83" hits="0" branch="false" />
                <line number="84" hits="0" branch="false" />
                <line number="85" hits="0" branch="false" />
                <line number="86" hits="0" branch="false" />
                <line number="87" hits="0" branch="false" />
                <line number="88" hits="0" branch="false" />
                <line number="89" hits="0" branch="false" />
                <line number="96" hits="0" branch="false" />
                <line number="97" hits="0" branch="false" />
                <line number="98" hits="0" branch="false" />
                <line number="99" hits="0" branch="false" />
                <line number="100" hits="0" branch="false" />
                <line number="101" hits="0" branch="false" />
                <line number="102" hits="0" branch="false" />
                <line number="103" hits="0" branch="false" />
                <line number="104" hits="0" branch="false" />
                <line number="105" hits="0" branch="false" />
                <line number="106" hits="0" branch="false" />
                <line number="110" hits="0" branch="false" />
                <line number="111" hits="0" branch="false" />
                <line number="112" hits="0" branch="false" />
                <line number="113" hits="0" branch="false" />
                <line number="114" hits="0" branch="false" />
                <line number="115" hits="0" branch="false" />
                <line number="117" hits="0" branch="false" />
              </lines>
            </method>
            <method name=".cctor" signature="()" line-rate="0" branch-rate="1" complexity="1">
              <lines>
                <line number="9" hits="0" branch="false" />
              </lines>
            </method>
          </methods>
          <lines>
            <line number="9" hits="0" branch="false" />
            <line number="11" hits="0" branch="false" />
            <line number="12" hits="0" branch="false" />
            <line number="13" hits="0" branch="false" />
            <line number="15" hits="0" branch="false" />
            <line number="16" hits="0" branch="false" />
            <line number="18" hits="0" branch="false" />
            <line number="19" hits="0" branch="false" />
            <line number="20" hits="0" branch="false" />
            <line number="21" hits="0" branch="false" />
            <line number="22" hits="0" branch="false" />
            <line number="23" hits="0" branch="false" />
            <line number="24" hits="0" branch="false" />
            <line number="25" hits="0" branch="false" />
            <line number="26" hits="0" branch="false" />
            <line number="28" hits="0" branch="false" />
            <line number="29" hits="0" branch="false" />
            <line number="30" hits="0" branch="false" />
            <line number="31" hits="0" branch="false" />
            <line number="32" hits="0" branch="false" />
            <line number="33" hits="0" branch="false" />
            <line number="34" hits="0" branch="false" />
            <line number="35" hits="0" branch="false" />
            <line number="36" hits="0" branch="false" />
            <line number="38" hits="0" branch="false" />
            <line number="39" hits="0" branch="false" />
            <line number="46" hits="0" branch="false" />
            <line number="49" hits="0" branch="false" />
            <line number="52" hits="0" branch="false" />
            <line number="53" hits="0" branch="false" />
            <line number="55" hits="0" branch="false" />
            <line number="56" hits="0" branch="false" />
            <line number="59" hits="0" branch="false" />
            <line number="60" hits="0" branch="false" />
            <line number="61" hits="0" branch="false" />
            <line number="64" hits="0" branch="false" />
            <line number="65" hits="0" branch="false" />
            <line number="67" hits="0" branch="false" />
            <line number="70" hits="0" branch="false" />
            <line number="71" hits="0" branch="false" />
            <line number="72" hits="0" branch="false" />
            <line number="73" hits="0" branch="false" />
            <line number="74" hits="0" branch="false" />
            <line number="75" hits="0" branch="false" />
            <line number="76" hits="0" branch="false" />
            <line number="83" hits="0" branch="false" />
            <line number="84" hits="0" branch="false" />
            <line number="85" hits="0" branch="false" />
            <line number="86" hits="0" branch="false" />
            <line number="87" hits="0" branch="false" />
            <line number="88" hits="0" branch="false" />
            <line number="89" hits="0" branch="false" />
            <line number="96" hits="0" branch="false" />
            <line number="97" hits="0" branch="false" />
            <line number="98" hits="0" branch="false" />
            <line number="99" hits="0" branch="false" />
            <line number="100" hits="0" branch="false" />
            <line number="101" hits="0" branch="false" />
            <line number="102" hits="0" branch="false" />
            <line number="103" hits="0" branch="false" />
            <line number="104" hits="0" branch="false" />
            <line number="105" hits="0" branch="false" />
            <line number="106" hits="0" branch="false" />
            <line number="110" hits="0" branch="false" />
            <line number="111" hits="0" branch="false" />
            <line number="112" hits="0" branch="false" />
            <line number="113" hits="0" branch="false" />
            <line number="114" hits="0" branch="false" />
            <line number="115" hits="0" branch="false" />
            <line number="117" hits="0" branch="false" />
          </lines>
        </class>
        <class name="ConsoleApp22.Savings" filename="C:\Users\Aryan.Singh\source\repos\ConsoleApp22\ConsoleApp22\Savings.cs" line-rate="0.692307692307692" branch-rate="0" complexity="5">
          <methods>
            <method name="GetAccType" signature="()" line-rate="1" branch-rate="1" complexity="1">
              <lines>
                <line number="26" hits="1" branch="false" />
                <line number="27" hits="1" branch="false" />
                <line number="28" hits="1" branch="false" />
              </lines>
            </method>
            <method name="Open" signature="()" line-rate="1" branch-rate="1" complexity="1">
              <lines>
                <line number="30" hits="1" branch="false" />
                <line number="31" hits="1" branch="false" />
                <line number="32" hits="1" branch="false" />
                <line number="33" hits="1" branch="false" />
                <line number="34" hits="1" branch="false" />
              </lines>
            </method>
            <method name="Close" signature="()" line-rate="0" branch-rate="0" complexity="2">
              <lines>
                <line number="36" hits="0" branch="false" />
                <line number="37" hits="0" branch="true" condition-coverage="0% (0/2)" />
                <line number="38" hits="0" branch="false" />
                <line number="39" hits="0" branch="false" />
                <line number="40" hits="0" branch="false" />
                <line number="41" hits="0" branch="false" />
                <line number="42" hits="0" branch="false" />
                <line number="44" hits="0" branch="false" />
              </lines>
            </method>
            <method name=".ctor" signature="(...)" line-rate="1" branch-rate="1" complexity="1">
              <lines>
                <line number="12" hits="2" branch="false" />
                <line number="13" hits="2" branch="false" />
                <line number="14" hits="2" branch="false" />
                <line number="15" hits="2" branch="false" />
                <line number="16" hits="2" branch="false" />
                <line number="17" hits="2" branch="false" />
                <line number="18" hits="2" branch="false" />
                <line number="19" hits="2" branch="false" />
                <line number="20" hits="2" branch="false" />
                <line number="21" hits="2" branch="false" />
              </lines>
            </method>
          </methods>
          <lines>
            <line number="12" hits="2" branch="false" />
            <line number="13" hits="2" branch="false" />
            <line number="14" hits="2" branch="false" />
            <line number="15" hits="2" branch="false" />
            <line number="16" hits="2" branch="false" />
            <line number="17" hits="2" branch="false" />
            <line number="18" hits="2" branch="false" />
            <line number="19" hits="2" branch="false" />
            <line number="20" hits="2" branch="false" />
            <line number="21" hits="2" branch="false" />
            <line number="26" hits="1" branch="false" />
            <line number="27" hits="1" branch="false" />
            <line number="28" hits="1" branch="false" />
            <line number="30" hits="1" branch="false" />
            <line number="31" hits="1" branch="false" />
            <line number="32" hits="1" branch="false" />
            <line number="33" hits="1" branch="false" />
            <line number="34" hits="1" branch="false" />
            <line number="36" hits="0" branch="false" />
            <line number="37" hits="0" branch="true" condition-coverage="0% (0/2)" />
            <line number="38" hits="0" branch="false" />
            <line number="39" hits="0" branch="false" />
            <line number="40" hits="0" branch="false" />
            <line number="41" hits="0" branch="false" />
            <line number="42" hits="0" branch="false" />
            <line number="44" hits="0" branch="false" />
          </lines>
        </class>
        <class name="ConsoleApp22.Transaction" filename="C:\Users\Aryan.Singh\source\repos\ConsoleApp22\ConsoleApp22\Transaction.cs" line-rate="0" branch-rate="1" complexity="7">
          <methods>
            <method name="get_TransID" signature="()" line-rate="0" branch-rate="1" complexity="1">
              <lines>
                <line number="12" hits="0" branch="false" />
              </lines>
            </method>
            <method name="get_FromAccount" signature="()" line-rate="0" branch-rate="1" complexity="1">
              <lines>
                <line number="13" hits="0" branch="false" />
              </lines>
            </method>
            <method name="get_TranDate" signature="()" line-rate="0" branch-rate="1" complexity="1">
              <lines>
                <line number="14" hits="0" branch="false" />
              </lines>
            </method>
            <method name="get_Amount" signature="()" line-rate="0" branch-rate="1" complexity="1">
              <lines>
                <line number="15" hits="0" branch="false" />
              </lines>
            </method>
            <method name="get_TransactionStatus" signature="()" line-rate="0" branch-rate="1" complexity="1">
              <lines>
                <line number="16" hits="0" branch="false" />
              </lines>
            </method>
            <method name="get_TransactionType" signature="()" line-rate="0" branch-rate="1" complexity="1">
              <lines>
                <line number="17" hits="0" branch="false" />
              </lines>
            </method>
            <method name=".ctor" signature="(...)" line-rate="0" branch-rate="1" complexity="1">
              <lines>
                <line number="19" hits="0" branch="false" />
                <line number="20" hits="0" branch="false" />
                <line number="21" hits="0" branch="false" />
                <line number="22" hits="0" branch="false" />
                <line number="23" hits="0" branch="false" />
                <line number="24" hits="0" branch="false" />
                <line number="25" hits="0" branch="false" />
                <line number="26" hits="0" branch="false" />
              </lines>
            </method>
          </methods>
          <lines>
            <line number="12" hits="0" branch="false" />
            <line number="13" hits="0" branch="false" />
            <line number="14" hits="0" branch="false" />
            <line number="15" hits="0" branch="false" />
            <line number="16" hits="0" branch="false" />
            <line number="17" hits="0" branch="false" />
            <line number="19" hits="0" branch="false" />
            <line number="20" hits="0" branch="false" />
            <line number="21" hits="0" branch="false" />
            <line number="22" hits="0" branch="false" />
            <line number="23" hits="0" branch="false" />
            <line number="24" hits="0" branch="false" />
            <line number="25" hits="0" branch="false" />
            <line number="26" hits="0" branch="false" />
          </lines>
        </class>
        <class name="ConsoleApp22.TransactionLog" filename="C:\Users\Aryan.Singh\source\repos\ConsoleApp22\ConsoleApp22\TransactionLog.cs" line-rate="0" branch-rate="0" complexity="12">
          <methods>
            <method name="GetTransactions" signature="()" line-rate="0" branch-rate="1" complexity="1">
              <lines>
                <line number="15" hits="0" branch="false" />
                <line number="16" hits="0" branch="false" />
                <line number="17" hits="0" branch="false" />
              </lines>
            </method>
            <method name="GetTransactions" signature="(...)" line-rate="0" branch-rate="0" complexity="2">
              <lines>
                <line number="20" hits="0" branch="false" />
                <line number="21" hits="0" branch="true" condition-coverage="0% (0/2)" />
                <line number="22" hits="0" branch="false" />
                <line number="23" hits="0" branch="false" />
                <line number="26" hits="0" branch="false" />
                <line number="27" hits="0" branch="false" />
                <line number="29" hits="0" branch="false" />
              </lines>
            </method>
            <method name="GetTransactions" signature="(...)" line-rate="0" branch-rate="0" complexity="4">
              <lines>
                <line number="32" hits="0" branch="false" />
                <line number="33" hits="0" branch="true" condition-coverage="0% (0/2)" />
                <line number="34" hits="0" branch="false" />
                <line number="35" hits="0" branch="false" />
                <line number="36" hits="0" branch="false" />
                <line number="38" hits="0" branch="true" condition-coverage="0% (0/2)" />
                <line number="39" hits="0" branch="false" />
                <line number="40" hits="0" branch="false" />
                <line number="41" hits="0" branch="false" />
                <line number="43" hits="0" branch="false" />
                <line number="44" hits="0" branch="false" />
              </lines>
            </method>
            <method name="LogTransactions" signature="(...)" line-rate="0" branch-rate="0" complexity="4">
              <lines>
                <line number="49" hits="0" branch="false" />
                <line number="50" hits="0" branch="true" condition-coverage="0% (0/2)" />
                <line number="51" hits="0" branch="false" />
                <line number="52" hits="0" branch="false" />
                <line number="53" hits="0" branch="false" />
                <line number="55" hits="0" branch="true" condition-coverage="0% (0/2)" />
                <line number="56" hits="0" branch="false" />
                <line number="57" hits="0" branch="false" />
                <line number="58" hits="0" branch="false" />
                <line number="60" hits="0" branch="false" />
                <line number="61" hits="0" branch="false" />
              </lines>
            </method>
            <method name=".cctor" signature="()" line-rate="0" branch-rate="1" complexity="1">
              <lines>
                <line number="11" hits="0" branch="false" />
              </lines>
            </method>
          </methods>
          <lines>
            <line number="11" hits="0" branch="false" />
            <line number="15" hits="0" branch="false" />
            <line number="16" hits="0" branch="false" />
            <line number="17" hits="0" branch="false" />
            <line number="20" hits="0" branch="false" />
            <line number="21" hits="0" branch="true" condition-coverage="0% (0/2)" />
            <line number="22" hits="0" branch="false" />
            <line number="23" hits="0" branch="false" />
            <line number="26" hits="0" branch="false" />
            <line number="27" hits="0" branch="false" />
            <line number="29" hits="0" branch="false" />
            <line number="32" hits="0" branch="false" />
            <line number="33" hits="0" branch="true" condition-coverage="0% (0/2)" />
            <line number="34" hits="0" branch="false" />
            <line number="35" hits="0" branch="false" />
            <line number="36" hits="0" branch="false" />
            <line number="38" hits="0" branch="true" condition-coverage="0% (0/2)" />
            <line number="39" hits="0" branch="false" />
            <line number="40" hits="0" branch="false" />
            <line number="41" hits="0" branch="false" />
            <line number="43" hits="0" branch="false" />
            <line number="44" hits="0" branch="false" />
            <line number="49" hits="0" branch="false" />
            <line number="50" hits="0" branch="true" condition-coverage="0% (0/2)" />
            <line number="51" hits="0" branch="false" />
            <line number="52" hits="0" branch="false" />
            <line number="53" hits="0" branch="false" />
            <line number="55" hits="0" branch="true" condition-coverage="0% (0/2)" />
            <line number="56" hits="0" branch="false" />
            <line number="57" hits="0" branch="false" />
            <line number="58" hits="0" branch="false" />
            <line number="60" hits="0" branch="false" />
            <line number="61" hits="0" branch="false" />
          </lines>
        </class>
        <class name="ConsoleApp22.TransactionNotFoundException" filename="C:\Users\Aryan.Singh\source\repos\ConsoleApp22\ConsoleApp22\TransactionNotFoundException.cs" line-rate="0" branch-rate="1" complexity="3">
          <methods>
            <method name=".ctor" signature="()" line-rate="0" branch-rate="1" complexity="1">
              <lines>
                <line number="7" hits="0" branch="false" />
                <line number="8" hits="0" branch="false" />
                <line number="9" hits="0" branch="false" />
              </lines>
            </method>
            <method name=".ctor" signature="(...)" line-rate="0" branch-rate="1" complexity="1">
              <lines>
                <line number="11" hits="0" branch="false" />
                <line number="12" hits="0" branch="false" />
                <line number="13" hits="0" branch="false" />
              </lines>
            </method>
            <method name=".ctor" signature="(...)" line-rate="0" branch-rate="1" complexity="1">
              <lines>
                <line number="15" hits="0" branch="false" />
                <line number="16" hits="0" branch="false" />
                <line number="17" hits="0" branch="false" />
              </lines>
            </method>
          </methods>
          <lines>
            <line number="7" hits="0" branch="false" />
            <line number="8" hits="0" branch="false" />
            <line number="9" hits="0" branch="false" />
            <line number="11" hits="0" branch="false" />
            <line number="12" hits="0" branch="false" />
            <line number="13" hits="0" branch="false" />
            <line number="15" hits="0" branch="false" />
            <line number="16" hits="0" branch="false" />
            <line number="17" hits="0" branch="false" />
          </lines>
        </class>
        <class name="ConsoleApp22.Transfer" filename="C:\Users\Aryan.Singh\source\repos\ConsoleApp22\ConsoleApp22\Transfer.cs" line-rate="0" branch-rate="1" complexity="5">
          <methods>
            <method name="get_FromAccount" signature="()" line-rate="0" branch-rate="1" complexity="1">
              <lines>
                <line number="11" hits="0" branch="false" />
              </lines>
            </method>
            <method name="get_ToAccount" signature="()" line-rate="0" branch-rate="1" complexity="1">
              <lines>
                <line number="12" hits="0" branch="false" />
              </lines>
            </method>
            <method name="get_Amount" signature="()" line-rate="0" branch-rate="1" complexity="1">
              <lines>
                <line number="13" hits="0" branch="false" />
              </lines>
            </method>
            <method name="get_Pin" signature="()" line-rate="0" branch-rate="1" complexity="1">
              <lines>
                <line number="14" hits="0" branch="false" />
              </lines>
            </method>
            <method name=".ctor" signature="(...)" line-rate="0" branch-rate="1" complexity="1">
              <lines>
                <line number="19" hits="0" branch="false" />
                <line number="20" hits="0" branch="false" />
                <line number="21" hits="0" branch="false" />
                <line number="22" hits="0" branch="false" />
                <line number="23" hits="0" branch="false" />
                <line number="24" hits="0" branch="false" />
                <line number="25" hits="0" branch="false" />
              </lines>
            </method>
          </methods>
          <lines>
            <line number="11" hits="0" branch="false" />
            <line number="12" hits="0" branch="false" />
            <line number="13" hits="0" branch="false" />
            <line number="14" hits="0" branch="false" />
            <line number="19" hits="0" branch="false" />
            <line number="20" hits="0" branch="false" />
            <line number="21" hits="0" branch="false" />
            <line number="22" hits="0" branch="false" />
            <line number="23" hits="0" branch="false" />
            <line number="24" hits="0" branch="false" />
            <line number="25" hits="0" branch="false" />
          </lines>
        </class>
      </classes>
    </package>
  </packages>
</coverage>